Using pre-set license
Built from '2020.2/staging' branch; Version is '2020.2.7f1 (c53830e277f1) revision 12924976'; Using compiler version '192528614'; Build Type 'Release'
OS: 'Windows 10 Pro; OS build 19042.928; Version 2009; 64bit' Language: 'ko' Physical Memory: 49086 MB
BatchMode: 1, IsHumanControllingUs: 0, StartBugReporterOnCrash: 0, Is64bit: 1, IsPro: 0

 COMMAND LINE ARGUMENTS:
C:\Program Files\Unity\Hub\Editor\2020.2.7f1\Editor\Unity.exe
-adb2
-batchMode
-noUpm
-name
AssetImportWorker0
-projectPath
C:/Users/sung9/Documents/GitHub/COOKIERUN
-logFile
Logs/AssetImportWorker0.log
-srvPort
10766
Successfully changed project path to: C:/Users/sung9/Documents/GitHub/COOKIERUN
C:/Users/sung9/Documents/GitHub/COOKIERUN
Using Asset Import Pipeline V2.
Refreshing native plugins compatible for Editor in 41.44 ms, found 1 plugins.
Preloading 0 native plugins for Editor in 0.00 ms.
Initialize engine version: 2020.2.7f1 (c53830e277f1)
[Subsystems] Discovering subsystems at path C:/Program Files/Unity/Hub/Editor/2020.2.7f1/Editor/Data/Resources/UnitySubsystems
[Subsystems] Discovering subsystems at path C:/Users/sung9/Documents/GitHub/COOKIERUN/Assets
GfxDevice: creating device client; threaded=0
Direct3D:
    Version:  Direct3D 11.0 [level 11.1]
    Renderer: NVIDIA GeForce RTX 2060 (ID=0x1f08)
    Vendor:   
    VRAM:     5980 MB
    Driver:   27.21.14.6627
Initialize mono
Mono path[0] = 'C:/Program Files/Unity/Hub/Editor/2020.2.7f1/Editor/Data/Managed'
Mono path[1] = 'C:/Program Files/Unity/Hub/Editor/2020.2.7f1/Editor/Data/MonoBleedingEdge/lib/mono/unityjit'
Mono config path = 'C:/Program Files/Unity/Hub/Editor/2020.2.7f1/Editor/Data/MonoBleedingEdge/etc'
Using monoOptions --debugger-agent=transport=dt_socket,embedding=1,server=y,suspend=n,address=127.0.0.1:56356
Begin MonoManager ReloadAssembly
Registering precompiled unity dll's ...
Register platform support module: C:/Program Files/Unity/Hub/Editor/2020.2.7f1/Editor/Data/PlaybackEngines/WindowsStandaloneSupport/UnityEditor.WindowsStandalone.Extensions.dll
Registered in 0.002552 seconds.
Native extension for WindowsStandalone target not found
Refreshing native plugins compatible for Editor in 38.10 ms, found 1 plugins.
Preloading 0 native plugins for Editor in 0.00 ms.
Invoked RoslynAnalysisRunner static constructor.
RoslynAnalysisRunner will not be running.
RoslynAnalysisRunner has terminated.
Mono: successfully reloaded assembly
- Completed reload, in  1.204 seconds
Platform modules already initialized, skipping
Registering precompiled user dll's ...
Registered in 0.001244 seconds.
Begin MonoManager ReloadAssembly
Native extension for WindowsStandalone target not found
Refreshing native plugins compatible for Editor in 39.18 ms, found 1 plugins.
Preloading 0 native plugins for Editor in 0.00 ms.
Invoked RoslynAnalysisRunner static constructor.
RoslynAnalysisRunner will not be running.
RoslynAnalysisRunner has terminated.
Mono: successfully reloaded assembly
- Completed reload, in  1.010 seconds
Platform modules already initialized, skipping
========================================================================
Worker process is ready to serve import requests
Launched and connected shader compiler UnityShaderCompiler.exe after 0.06 seconds
Refreshing native plugins compatible for Editor in 0.39 ms, found 1 plugins.
Preloading 0 native plugins for Editor in 0.00 ms.
Unloading 1830 Unused Serialized files (Serialized files now loaded: 0)
System memory in use before: 89.7 MB.
System memory in use after: 89.7 MB.

Unloading 24 unused Assets to reduce memory usage. Loaded Objects now: 2274.
Total: 2.547000 ms (FindLiveObjects: 0.269600 ms CreateObjectMapping: 0.136800 ms MarkObjects: 1.985000 ms  DeleteObjects: 0.154000 ms)

========================================================================
Received Import Request.
  path: Assets/Materials/Images/Jelly.png
  artifactKey: Guid(842a3db9645f4624eb028f527931a6b6) Importer(815301076,1909f56bfc062723c751e8b465ee728b)
Start importing Assets/Materials/Images/Jelly.png using Guid(842a3db9645f4624eb028f527931a6b6) Importer(815301076,1909f56bfc062723c751e8b465ee728b)  -> (artifact id: 'c89d47060073e0cb9194cfba4b55295f') in 0.334805 seconds
  Import took 0.338539 seconds .

========================================================================
Received Import Request.
  Time since last request: 82.646003 seconds.
  path: Assets/Materials/Images/Jelly.png
  artifactKey: Guid(842a3db9645f4624eb028f527931a6b6) Importer(815301076,1909f56bfc062723c751e8b465ee728b)
Start importing Assets/Materials/Images/Jelly.png using Guid(842a3db9645f4624eb028f527931a6b6) Importer(815301076,1909f56bfc062723c751e8b465ee728b)  -> (artifact id: '2874ba37113d09167c4c416f5f567510') in 0.151494 seconds
  Import took 0.155199 seconds .

========================================================================
Received Import Request.
  Time since last request: 16.211432 seconds.
  path: Assets/Materials/Images/Jelly.png
  artifactKey: Guid(842a3db9645f4624eb028f527931a6b6) Importer(815301076,1909f56bfc062723c751e8b465ee728b)
Start importing Assets/Materials/Images/Jelly.png using Guid(842a3db9645f4624eb028f527931a6b6) Importer(815301076,1909f56bfc062723c751e8b465ee728b)  -> (artifact id: 'beab95a37f1fc8e9755add3c57142a71') in 0.151845 seconds
  Import took 0.155262 seconds .

========================================================================
Received Import Request.
  Time since last request: 8.364440 seconds.
  path: Assets/Materials/Images/Jelly.png
  artifactKey: Guid(842a3db9645f4624eb028f527931a6b6) Importer(815301076,1909f56bfc062723c751e8b465ee728b)
Start importing Assets/Materials/Images/Jelly.png using Guid(842a3db9645f4624eb028f527931a6b6) Importer(815301076,1909f56bfc062723c751e8b465ee728b)  -> (artifact id: '4046115b7e2a900e1869f1942407acbc') in 0.144162 seconds
  Import took 0.148299 seconds .

========================================================================
Received Import Request.
  Time since last request: 28.780402 seconds.
  path: Assets/Prefabs/Items/PetAbilJelly.prefab
  artifactKey: Guid(d53aed4c129d0084aa6096ca14065d0b) Importer(815301076,1909f56bfc062723c751e8b465ee728b)
Start importing Assets/Prefabs/Items/PetAbilJelly.prefab using Guid(d53aed4c129d0084aa6096ca14065d0b) Importer(815301076,1909f56bfc062723c751e8b465ee728b)  -> (artifact id: 'b69a5a8d0e72993136a2aaa6cd1863b5') in 0.038728 seconds
  Import took 0.042394 seconds .

========================================================================
Received Prepare
Registering precompiled user dll's ...
Registered in 0.001205 seconds.
Begin MonoManager ReloadAssembly
Native extension for WindowsStandalone target not found
Refreshing native plugins compatible for Editor in 0.53 ms, found 1 plugins.
Preloading 0 native plugins for Editor in 0.00 ms.
Invoked RoslynAnalysisRunner static constructor.
RoslynAnalysisRunner will not be running.
RoslynAnalysisRunner has terminated.
Mono: successfully reloaded assembly
- Completed reload, in  0.860 seconds
Platform modules already initialized, skipping
Refreshing native plugins compatible for Editor in 0.39 ms, found 1 plugins.
Preloading 0 native plugins for Editor in 0.00 ms.
Unloading 1812 Unused Serialized files (Serialized files now loaded: 0)
System memory in use before: 91.8 MB.
System memory in use after: 91.8 MB.

Unloading 12 unused Assets to reduce memory usage. Loaded Objects now: 2319.
Total: 2.187200 ms (FindLiveObjects: 0.327800 ms CreateObjectMapping: 0.130000 ms MarkObjects: 1.626600 ms  DeleteObjects: 0.101300 ms)

========================================================================
Received Import Request.
  Time since last request: 21.657690 seconds.
  path: Assets/Prefabs/Items/PetAbilJelly.prefab
  artifactKey: Guid(d53aed4c129d0084aa6096ca14065d0b) Importer(815301076,1909f56bfc062723c751e8b465ee728b)
Start importing Assets/Prefabs/Items/PetAbilJelly.prefab using Guid(d53aed4c129d0084aa6096ca14065d0b) Importer(815301076,1909f56bfc062723c751e8b465ee728b)  -> (artifact id: '8e56803889f4880feadaa3905b22bfab') in 0.054414 seconds
  Import took 0.057597 seconds .

========================================================================
Received Prepare
Registering precompiled user dll's ...
Registered in 0.001203 seconds.
Begin MonoManager ReloadAssembly
Native extension for WindowsStandalone target not found
Refreshing native plugins compatible for Editor in 0.41 ms, found 1 plugins.
Preloading 0 native plugins for Editor in 0.00 ms.
Invoked RoslynAnalysisRunner static constructor.
RoslynAnalysisRunner will not be running.
RoslynAnalysisRunner has terminated.
Mono: successfully reloaded assembly
- Completed reload, in  0.868 seconds
Platform modules already initialized, skipping
Refreshing native plugins compatible for Editor in 0.39 ms, found 1 plugins.
Preloading 0 native plugins for Editor in 0.00 ms.
Unloading 1812 Unused Serialized files (Serialized files now loaded: 0)
System memory in use before: 91.9 MB.
System memory in use after: 91.9 MB.

Unloading 12 unused Assets to reduce memory usage. Loaded Objects now: 2324.
Total: 2.678200 ms (FindLiveObjects: 0.183000 ms CreateObjectMapping: 0.064600 ms MarkObjects: 2.200300 ms  DeleteObjects: 0.228200 ms)

========================================================================
Received Prepare
Registering precompiled user dll's ...
Registered in 0.001265 seconds.
Begin MonoManager ReloadAssembly
Native extension for WindowsStandalone target not found
Refreshing native plugins compatible for Editor in 0.42 ms, found 1 plugins.
Preloading 0 native plugins for Editor in 0.00 ms.
Invoked RoslynAnalysisRunner static constructor.
RoslynAnalysisRunner will not be running.
RoslynAnalysisRunner has terminated.
Mono: successfully reloaded assembly
- Completed reload, in  0.892 seconds
Platform modules already initialized, skipping
Refreshing native plugins compatible for Editor in 0.44 ms, found 1 plugins.
Preloading 0 native plugins for Editor in 0.00 ms.
Unloading 1812 Unused Serialized files (Serialized files now loaded: 0)
System memory in use before: 91.9 MB.
System memory in use after: 91.9 MB.

Unloading 12 unused Assets to reduce memory usage. Loaded Objects now: 2328.
Total: 1.816400 ms (FindLiveObjects: 0.208800 ms CreateObjectMapping: 0.074600 ms MarkObjects: 1.423800 ms  DeleteObjects: 0.107700 ms)

========================================================================
Received Prepare
Registering precompiled user dll's ...
Registered in 0.001275 seconds.
Begin MonoManager ReloadAssembly
Native extension for WindowsStandalone target not found
Refreshing native plugins compatible for Editor in 0.41 ms, found 1 plugins.
Preloading 0 native plugins for Editor in 0.00 ms.
Invoked RoslynAnalysisRunner static constructor.
RoslynAnalysisRunner will not be running.
RoslynAnalysisRunner has terminated.
Mono: successfully reloaded assembly
- Completed reload, in  0.871 seconds
Platform modules already initialized, skipping
Refreshing native plugins compatible for Editor in 0.40 ms, found 1 plugins.
Preloading 0 native plugins for Editor in 0.00 ms.
Unloading 1812 Unused Serialized files (Serialized files now loaded: 0)
System memory in use before: 91.9 MB.
System memory in use after: 91.9 MB.

Unloading 12 unused Assets to reduce memory usage. Loaded Objects now: 2332.
Total: 2.226500 ms (FindLiveObjects: 0.197600 ms CreateObjectMapping: 0.071300 ms MarkObjects: 1.840500 ms  DeleteObjects: 0.115800 ms)

========================================================================
Received Prepare
Registering precompiled user dll's ...
Registered in 0.001151 seconds.
Begin MonoManager ReloadAssembly
Native extension for WindowsStandalone target not found
Refreshing native plugins compatible for Editor in 0.40 ms, found 1 plugins.
Preloading 0 native plugins for Editor in 0.00 ms.
Invoked RoslynAnalysisRunner static constructor.
RoslynAnalysisRunner will not be running.
RoslynAnalysisRunner has terminated.
Mono: successfully reloaded assembly
- Completed reload, in  0.876 seconds
Platform modules already initialized, skipping
Refreshing native plugins compatible for Editor in 0.40 ms, found 1 plugins.
Preloading 0 native plugins for Editor in 0.00 ms.
Unloading 1812 Unused Serialized files (Serialized files now loaded: 0)
System memory in use before: 91.9 MB.
System memory in use after: 91.9 MB.

Unloading 12 unused Assets to reduce memory usage. Loaded Objects now: 2336.
Total: 1.932500 ms (FindLiveObjects: 0.196700 ms CreateObjectMapping: 0.066100 ms MarkObjects: 1.564200 ms  DeleteObjects: 0.104200 ms)

========================================================================
Received Prepare
Registering precompiled user dll's ...
Registered in 0.001177 seconds.
Begin MonoManager ReloadAssembly
Native extension for WindowsStandalone target not found
Refreshing native plugins compatible for Editor in 0.42 ms, found 1 plugins.
Preloading 0 native plugins for Editor in 0.00 ms.
Invoked RoslynAnalysisRunner static constructor.
RoslynAnalysisRunner will not be running.
RoslynAnalysisRunner has terminated.
Mono: successfully reloaded assembly
- Completed reload, in  0.843 seconds
Platform modules already initialized, skipping
Refreshing native plugins compatible for Editor in 0.54 ms, found 1 plugins.
Preloading 0 native plugins for Editor in 0.00 ms.
Unloading 1812 Unused Serialized files (Serialized files now loaded: 0)
System memory in use before: 91.9 MB.
System memory in use after: 91.9 MB.

Unloading 12 unused Assets to reduce memory usage. Loaded Objects now: 2340.
Total: 2.460600 ms (FindLiveObjects: 0.230500 ms CreateObjectMapping: 0.080800 ms MarkObjects: 2.034400 ms  DeleteObjects: 0.113100 ms)

========================================================================
Received Prepare
Registering precompiled user dll's ...
Registered in 0.001260 seconds.
Begin MonoManager ReloadAssembly
Native extension for WindowsStandalone target not found
Refreshing native plugins compatible for Editor in 0.40 ms, found 1 plugins.
Preloading 0 native plugins for Editor in 0.00 ms.
Invoked RoslynAnalysisRunner static constructor.
RoslynAnalysisRunner will not be running.
RoslynAnalysisRunner has terminated.
Mono: successfully reloaded assembly
- Completed reload, in  0.867 seconds
Platform modules already initialized, skipping
Refreshing native plugins compatible for Editor in 0.41 ms, found 1 plugins.
Preloading 0 native plugins for Editor in 0.00 ms.
Unloading 1812 Unused Serialized files (Serialized files now loaded: 0)
System memory in use before: 91.9 MB.
System memory in use after: 91.9 MB.

Unloading 12 unused Assets to reduce memory usage. Loaded Objects now: 2344.
Total: 2.040100 ms (FindLiveObjects: 0.188200 ms CreateObjectMapping: 0.063800 ms MarkObjects: 1.676400 ms  DeleteObjects: 0.110600 ms)

========================================================================
Received Prepare
Registering precompiled user dll's ...
Registered in 0.001147 seconds.
Begin MonoManager ReloadAssembly
Native extension for WindowsStandalone target not found
Refreshing native plugins compatible for Editor in 0.41 ms, found 1 plugins.
Preloading 0 native plugins for Editor in 0.00 ms.
Invoked RoslynAnalysisRunner static constructor.
RoslynAnalysisRunner will not be running.
RoslynAnalysisRunner has terminated.
Mono: successfully reloaded assembly
- Completed reload, in  0.814 seconds
Platform modules already initialized, skipping
Refreshing native plugins compatible for Editor in 0.39 ms, found 1 plugins.
Preloading 0 native plugins for Editor in 0.00 ms.
Unloading 1812 Unused Serialized files (Serialized files now loaded: 0)
System memory in use before: 92.0 MB.
System memory in use after: 91.9 MB.

Unloading 12 unused Assets to reduce memory usage. Loaded Objects now: 2348.
Total: 2.050800 ms (FindLiveObjects: 0.201400 ms CreateObjectMapping: 0.070700 ms MarkObjects: 1.666900 ms  DeleteObjects: 0.110800 ms)

========================================================================
Received Prepare
Registering precompiled user dll's ...
Registered in 0.001160 seconds.
Begin MonoManager ReloadAssembly
Native extension for WindowsStandalone target not found
Refreshing native plugins compatible for Editor in 0.42 ms, found 1 plugins.
Preloading 0 native plugins for Editor in 0.00 ms.
Invoked RoslynAnalysisRunner static constructor.
RoslynAnalysisRunner will not be running.
RoslynAnalysisRunner has terminated.
Mono: successfully reloaded assembly
- Completed reload, in  0.849 seconds
Platform modules already initialized, skipping
Refreshing native plugins compatible for Editor in 0.40 ms, found 1 plugins.
Preloading 0 native plugins for Editor in 0.00 ms.
Unloading 1812 Unused Serialized files (Serialized files now loaded: 0)
System memory in use before: 92.0 MB.
System memory in use after: 92.0 MB.

Unloading 12 unused Assets to reduce memory usage. Loaded Objects now: 2352.
Total: 2.050200 ms (FindLiveObjects: 0.191200 ms CreateObjectMapping: 0.062800 ms MarkObjects: 1.680000 ms  DeleteObjects: 0.115400 ms)

========================================================================
Received Prepare
Registering precompiled user dll's ...
Registered in 0.001392 seconds.
Begin MonoManager ReloadAssembly
Native extension for WindowsStandalone target not found
Refreshing native plugins compatible for Editor in 0.41 ms, found 1 plugins.
Preloading 0 native plugins for Editor in 0.00 ms.
Invoked RoslynAnalysisRunner static constructor.
RoslynAnalysisRunner will not be running.
RoslynAnalysisRunner has terminated.
Mono: successfully reloaded assembly
- Completed reload, in  0.889 seconds
Platform modules already initialized, skipping
Refreshing native plugins compatible for Editor in 0.41 ms, found 1 plugins.
Preloading 0 native plugins for Editor in 0.00 ms.
Unloading 1812 Unused Serialized files (Serialized files now loaded: 0)
System memory in use before: 92.0 MB.
System memory in use after: 92.0 MB.

Unloading 12 unused Assets to reduce memory usage. Loaded Objects now: 2356.
Total: 2.754000 ms (FindLiveObjects: 0.379800 ms CreateObjectMapping: 0.230500 ms MarkObjects: 2.020100 ms  DeleteObjects: 0.122100 ms)

========================================================================
Received Prepare
Registering precompiled user dll's ...
Registered in 0.001185 seconds.
Begin MonoManager ReloadAssembly
Native extension for WindowsStandalone target not found
Refreshing native plugins compatible for Editor in 0.44 ms, found 1 plugins.
Preloading 0 native plugins for Editor in 0.00 ms.
Invoked RoslynAnalysisRunner static constructor.
RoslynAnalysisRunner will not be running.
RoslynAnalysisRunner has terminated.
Mono: successfully reloaded assembly
- Completed reload, in  0.923 seconds
Platform modules already initialized, skipping
Refreshing native plugins compatible for Editor in 0.42 ms, found 1 plugins.
Preloading 0 native plugins for Editor in 0.00 ms.
Unloading 1812 Unused Serialized files (Serialized files now loaded: 0)
System memory in use before: 92.0 MB.
System memory in use after: 92.0 MB.

Unloading 12 unused Assets to reduce memory usage. Loaded Objects now: 2360.
Total: 1.948500 ms (FindLiveObjects: 0.190700 ms CreateObjectMapping: 0.063500 ms MarkObjects: 1.584300 ms  DeleteObjects: 0.108900 ms)

========================================================================
Received Prepare
Registering precompiled user dll's ...
Registered in 0.001909 seconds.
Begin MonoManager ReloadAssembly
Native extension for WindowsStandalone target not found
Refreshing native plugins compatible for Editor in 0.40 ms, found 1 plugins.
Preloading 0 native plugins for Editor in 0.00 ms.
Invoked RoslynAnalysisRunner static constructor.
RoslynAnalysisRunner will not be running.
RoslynAnalysisRunner has terminated.
Mono: successfully reloaded assembly
- Completed reload, in  0.877 seconds
Platform modules already initialized, skipping
Refreshing native plugins compatible for Editor in 0.45 ms, found 1 plugins.
Preloading 0 native plugins for Editor in 0.00 ms.
Unloading 1812 Unused Serialized files (Serialized files now loaded: 0)
System memory in use before: 92.0 MB.
System memory in use after: 92.0 MB.

Unloading 12 unused Assets to reduce memory usage. Loaded Objects now: 2364.
Total: 2.460500 ms (FindLiveObjects: 0.231900 ms CreateObjectMapping: 0.152100 ms MarkObjects: 1.959000 ms  DeleteObjects: 0.116200 ms)

========================================================================
Received Import Request.
  Time since last request: 1831.547610 seconds.
  path: Assets/Materials/Images/Jelly.png
  artifactKey: Guid(842a3db9645f4624eb028f527931a6b6) Importer(815301076,1909f56bfc062723c751e8b465ee728b)
Start importing Assets/Materials/Images/Jelly.png using Guid(842a3db9645f4624eb028f527931a6b6) Importer(815301076,1909f56bfc062723c751e8b465ee728b)  -> (artifact id: '2e96d6c989ef43cdf191920871342dc4') in 0.172902 seconds
  Import took 0.176305 seconds .

========================================================================
Received Import Request.
  Time since last request: 55.214766 seconds.
  path: Assets/Scripts/Giant.cs
  artifactKey: Guid(d36de39343ebe2642b01d6df545bfe77) Importer(815301076,1909f56bfc062723c751e8b465ee728b)
Start importing Assets/Scripts/Giant.cs using Guid(d36de39343ebe2642b01d6df545bfe77) Importer(815301076,1909f56bfc062723c751e8b465ee728b)  -> (artifact id: '12eca64d44c5955267931272dba6b7aa') in 0.015763 seconds
  Import took 0.020361 seconds .

========================================================================
Received Prepare
Registering precompiled user dll's ...
Registered in 0.001797 seconds.
Begin MonoManager ReloadAssembly
Native extension for WindowsStandalone target not found
Refreshing native plugins compatible for Editor in 0.41 ms, found 1 plugins.
Preloading 0 native plugins for Editor in 0.00 ms.
Invoked RoslynAnalysisRunner static constructor.
RoslynAnalysisRunner will not be running.
RoslynAnalysisRunner has terminated.
Mono: successfully reloaded assembly
- Completed reload, in  1.206 seconds
Platform modules already initialized, skipping
Refreshing native plugins compatible for Editor in 0.40 ms, found 1 plugins.
Preloading 0 native plugins for Editor in 0.00 ms.
Unloading 1813 Unused Serialized files (Serialized files now loaded: 0)
System memory in use before: 92.1 MB.
System memory in use after: 92.0 MB.

Unloading 12 unused Assets to reduce memory usage. Loaded Objects now: 2372.
Total: 1.849200 ms (FindLiveObjects: 0.198300 ms CreateObjectMapping: 0.074200 ms MarkObjects: 1.464600 ms  DeleteObjects: 0.110700 ms)

========================================================================
Received Import Request.
  Time since last request: 11.148037 seconds.
  path: Assets/Scripts/Fast.cs
  artifactKey: Guid(7476916d9a3fee5428c4208ef8584172) Importer(815301076,1909f56bfc062723c751e8b465ee728b)
Start importing Assets/Scripts/Fast.cs using Guid(7476916d9a3fee5428c4208ef8584172) Importer(815301076,1909f56bfc062723c751e8b465ee728b)  -> (artifact id: '87c21cb2a91a3c8e6c59c561d66b82e5') in 0.014351 seconds
  Import took 0.017840 seconds .

========================================================================
Received Prepare
Registering precompiled user dll's ...
Registered in 0.001430 seconds.
Begin MonoManager ReloadAssembly
Native extension for WindowsStandalone target not found
Refreshing native plugins compatible for Editor in 0.43 ms, found 1 plugins.
Preloading 0 native plugins for Editor in 0.00 ms.
Invoked RoslynAnalysisRunner static constructor.
RoslynAnalysisRunner will not be running.
RoslynAnalysisRunner has terminated.
Mono: successfully reloaded assembly
- Completed reload, in  1.141 seconds
Platform modules already initialized, skipping
Refreshing native plugins compatible for Editor in 0.54 ms, found 1 plugins.
Preloading 0 native plugins for Editor in 0.00 ms.
Unloading 1814 Unused Serialized files (Serialized files now loaded: 0)
System memory in use before: 92.1 MB.
System memory in use after: 92.1 MB.

Unloading 12 unused Assets to reduce memory usage. Loaded Objects now: 2377.
Total: 2.278300 ms (FindLiveObjects: 0.210800 ms CreateObjectMapping: 0.070300 ms MarkObjects: 1.867300 ms  DeleteObjects: 0.128000 ms)

========================================================================
Received Prepare
Registering precompiled user dll's ...
Registered in 0.039739 seconds.
Begin MonoManager ReloadAssembly
Native extension for WindowsStandalone target not found
Refreshing native plugins compatible for Editor in 0.40 ms, found 1 plugins.
Preloading 0 native plugins for Editor in 0.00 ms.
Invoked RoslynAnalysisRunner static constructor.
RoslynAnalysisRunner will not be running.
RoslynAnalysisRunner has terminated.
Mono: successfully reloaded assembly
- Completed reload, in  0.892 seconds
Platform modules already initialized, skipping
Refreshing native plugins compatible for Editor in 0.39 ms, found 1 plugins.
Preloading 0 native plugins for Editor in 0.00 ms.
Unloading 1814 Unused Serialized files (Serialized files now loaded: 0)
System memory in use before: 92.1 MB.
System memory in use after: 92.1 MB.

Unloading 12 unused Assets to reduce memory usage. Loaded Objects now: 2381.
Total: 2.019400 ms (FindLiveObjects: 0.192200 ms CreateObjectMapping: 0.062800 ms MarkObjects: 1.650000 ms  DeleteObjects: 0.112800 ms)

========================================================================
Received Import Request.
  Time since last request: 14742.674561 seconds.
  path: Assets/Scripts/Fast.cs
  artifactKey: Guid(7476916d9a3fee5428c4208ef8584172) Importer(815301076,1909f56bfc062723c751e8b465ee728b)
Start importing Assets/Scripts/Fast.cs using Guid(7476916d9a3fee5428c4208ef8584172) Importer(815301076,1909f56bfc062723c751e8b465ee728b)  -> (artifact id: 'ddb4263b8006495f968e1ac1be795ea0') in 0.011219 seconds
  Import took 0.014246 seconds .

========================================================================
Received Prepare
Registering precompiled user dll's ...
Registered in 0.001137 seconds.
Begin MonoManager ReloadAssembly
Native extension for WindowsStandalone target not found
Refreshing native plugins compatible for Editor in 0.51 ms, found 1 plugins.
Preloading 0 native plugins for Editor in 0.00 ms.
Invoked RoslynAnalysisRunner static constructor.
RoslynAnalysisRunner will not be running.
RoslynAnalysisRunner has terminated.
Mono: successfully reloaded assembly
- Completed reload, in  0.881 seconds
Platform modules already initialized, skipping
Refreshing native plugins compatible for Editor in 0.39 ms, found 1 plugins.
Preloading 0 native plugins for Editor in 0.00 ms.
Unloading 1814 Unused Serialized files (Serialized files now loaded: 0)
System memory in use before: 92.1 MB.
System memory in use after: 92.1 MB.

Unloading 12 unused Assets to reduce memory usage. Loaded Objects now: 2385.
Total: 2.686400 ms (FindLiveObjects: 0.295700 ms CreateObjectMapping: 0.097400 ms MarkObjects: 2.171500 ms  DeleteObjects: 0.120400 ms)

========================================================================
Received Prepare
Registering precompiled user dll's ...
Registered in 0.001156 seconds.
Begin MonoManager ReloadAssembly
Native extension for WindowsStandalone target not found
Refreshing native plugins compatible for Editor in 0.52 ms, found 1 plugins.
Preloading 0 native plugins for Editor in 0.00 ms.
Invoked RoslynAnalysisRunner static constructor.
RoslynAnalysisRunner will not be running.
RoslynAnalysisRunner has terminated.
Mono: successfully reloaded assembly
- Completed reload, in  0.856 seconds
Platform modules already initialized, skipping
Refreshing native plugins compatible for Editor in 0.54 ms, found 1 plugins.
Preloading 0 native plugins for Editor in 0.00 ms.
Unloading 1814 Unused Serialized files (Serialized files now loaded: 0)
System memory in use before: 92.1 MB.
System memory in use after: 92.1 MB.

Unloading 12 unused Assets to reduce memory usage. Loaded Objects now: 2389.
Total: 2.772100 ms (FindLiveObjects: 0.221400 ms CreateObjectMapping: 0.080900 ms MarkObjects: 2.228400 ms  DeleteObjects: 0.239000 ms)

========================================================================
Received Prepare
Registering precompiled user dll's ...
Registered in 0.001245 seconds.
Begin MonoManager ReloadAssembly
Native extension for WindowsStandalone target not found
Refreshing native plugins compatible for Editor in 0.42 ms, found 1 plugins.
Preloading 0 native plugins for Editor in 0.00 ms.
Invoked RoslynAnalysisRunner static constructor.
RoslynAnalysisRunner will not be running.
RoslynAnalysisRunner has terminated.
Mono: successfully reloaded assembly
- Completed reload, in  0.863 seconds
Platform modules already initialized, skipping
Refreshing native plugins compatible for Editor in 0.43 ms, found 1 plugins.
Preloading 0 native plugins for Editor in 0.00 ms.
Unloading 1814 Unused Serialized files (Serialized files now loaded: 0)
System memory in use before: 92.1 MB.
System memory in use after: 92.1 MB.

Unloading 12 unused Assets to reduce memory usage. Loaded Objects now: 2393.
Total: 2.590700 ms (FindLiveObjects: 0.250400 ms CreateObjectMapping: 0.099200 ms MarkObjects: 2.121200 ms  DeleteObjects: 0.118300 ms)

========================================================================
Received Import Request.
  Time since last request: 80.291626 seconds.
  path: Assets/Prefabs/Items/FastItem.prefab
  artifactKey: Guid(1522e78744d9ef54a8525541ba839bfa) Importer(815301076,1909f56bfc062723c751e8b465ee728b)
Start importing Assets/Prefabs/Items/FastItem.prefab using Guid(1522e78744d9ef54a8525541ba839bfa) Importer(815301076,1909f56bfc062723c751e8b465ee728b)  -> (artifact id: 'd2fcb278d9020f7f021499b16776d3ae') in 0.079071 seconds
  Import took 0.086581 seconds .

========================================================================
Received Import Request.
  Time since last request: 3.269648 seconds.
  path: Assets/Prefabs/Items/GiantItem.prefab
  artifactKey: Guid(fdf01090f08f72a44a14cf528f89440d) Importer(815301076,1909f56bfc062723c751e8b465ee728b)
Start importing Assets/Prefabs/Items/GiantItem.prefab using Guid(fdf01090f08f72a44a14cf528f89440d) Importer(815301076,1909f56bfc062723c751e8b465ee728b)  -> (artifact id: '56dd6bcbdaf255ba9e7a63e839810011') in 0.019603 seconds
  Import took 0.023081 seconds .

========================================================================
Received Prepare
Registering precompiled user dll's ...
Registered in 0.001479 seconds.
Begin MonoManager ReloadAssembly
Native extension for WindowsStandalone target not found
Refreshing native plugins compatible for Editor in 0.45 ms, found 1 plugins.
Preloading 0 native plugins for Editor in 0.00 ms.
Invoked RoslynAnalysisRunner static constructor.
RoslynAnalysisRunner will not be running.
RoslynAnalysisRunner has terminated.
Mono: successfully reloaded assembly
- Completed reload, in  0.870 seconds
Platform modules already initialized, skipping
Refreshing native plugins compatible for Editor in 0.40 ms, found 1 plugins.
Preloading 0 native plugins for Editor in 0.00 ms.
Unloading 1814 Unused Serialized files (Serialized files now loaded: 0)
System memory in use before: 92.1 MB.
System memory in use after: 92.1 MB.

Unloading 12 unused Assets to reduce memory usage. Loaded Objects now: 2398.
Total: 1.912600 ms (FindLiveObjects: 0.193100 ms CreateObjectMapping: 0.061600 ms MarkObjects: 1.543600 ms  DeleteObjects: 0.113200 ms)

========================================================================
Received Prepare
Registering precompiled user dll's ...
Registered in 0.001305 seconds.
Begin MonoManager ReloadAssembly
Native extension for WindowsStandalone target not found
Refreshing native plugins compatible for Editor in 0.43 ms, found 1 plugins.
Preloading 0 native plugins for Editor in 0.00 ms.
Invoked RoslynAnalysisRunner static constructor.
RoslynAnalysisRunner will not be running.
RoslynAnalysisRunner has terminated.
Mono: successfully reloaded assembly
- Completed reload, in  1.058 seconds
Platform modules already initialized, skipping
Refreshing native plugins compatible for Editor in 0.41 ms, found 1 plugins.
Preloading 0 native plugins for Editor in 0.00 ms.
Unloading 1814 Unused Serialized files (Serialized files now loaded: 0)
System memory in use before: 92.2 MB.
System memory in use after: 92.1 MB.

Unloading 12 unused Assets to reduce memory usage. Loaded Objects now: 2402.
Total: 2.019100 ms (FindLiveObjects: 0.212400 ms CreateObjectMapping: 0.066800 ms MarkObjects: 1.613900 ms  DeleteObjects: 0.124400 ms)

========================================================================
Received Prepare
Registering precompiled user dll's ...
Registered in 0.001211 seconds.
Begin MonoManager ReloadAssembly
Native extension for WindowsStandalone target not found
Refreshing native plugins compatible for Editor in 0.42 ms, found 1 plugins.
Preloading 0 native plugins for Editor in 0.00 ms.
Invoked RoslynAnalysisRunner static constructor.
RoslynAnalysisRunner will not be running.
RoslynAnalysisRunner has terminated.
Mono: successfully reloaded assembly
- Completed reload, in  0.807 seconds
Platform modules already initialized, skipping
Refreshing native plugins compatible for Editor in 0.39 ms, found 1 plugins.
Preloading 0 native plugins for Editor in 0.00 ms.
Unloading 1814 Unused Serialized files (Serialized files now loaded: 0)
System memory in use before: 92.2 MB.
System memory in use after: 92.2 MB.

Unloading 12 unused Assets to reduce memory usage. Loaded Objects now: 2406.
Total: 2.009300 ms (FindLiveObjects: 0.182700 ms CreateObjectMapping: 0.064400 ms MarkObjects: 1.655100 ms  DeleteObjects: 0.106300 ms)

========================================================================
Received Prepare
Registering precompiled user dll's ...
Registered in 0.001272 seconds.
Begin MonoManager ReloadAssembly
Native extension for WindowsStandalone target not found
Refreshing native plugins compatible for Editor in 0.40 ms, found 1 plugins.
Preloading 0 native plugins for Editor in 0.00 ms.
Invoked RoslynAnalysisRunner static constructor.
RoslynAnalysisRunner will not be running.
RoslynAnalysisRunner has terminated.
Mono: successfully reloaded assembly
- Completed reload, in  0.845 seconds
Platform modules already initialized, skipping
Refreshing native plugins compatible for Editor in 0.42 ms, found 1 plugins.
Preloading 0 native plugins for Editor in 0.00 ms.
Unloading 1814 Unused Serialized files (Serialized files now loaded: 0)
System memory in use before: 92.2 MB.
System memory in use after: 92.2 MB.

Unloading 12 unused Assets to reduce memory usage. Loaded Objects now: 2410.
Total: 2.414700 ms (FindLiveObjects: 0.204500 ms CreateObjectMapping: 0.068600 ms MarkObjects: 2.019600 ms  DeleteObjects: 0.120400 ms)

========================================================================
Received Prepare
Registering precompiled user dll's ...
Registered in 0.001195 seconds.
Begin MonoManager ReloadAssembly
Native extension for WindowsStandalone target not found
Refreshing native plugins compatible for Editor in 0.40 ms, found 1 plugins.
Preloading 0 native plugins for Editor in 0.00 ms.
Invoked RoslynAnalysisRunner static constructor.
RoslynAnalysisRunner will not be running.
RoslynAnalysisRunner has terminated.
Mono: successfully reloaded assembly
- Completed reload, in  0.801 seconds
Platform modules already initialized, skipping
Refreshing native plugins compatible for Editor in 0.41 ms, found 1 plugins.
Preloading 0 native plugins for Editor in 0.00 ms.
Unloading 1814 Unused Serialized files (Serialized files now loaded: 0)
System memory in use before: 92.2 MB.
System memory in use after: 92.2 MB.

Unloading 12 unused Assets to reduce memory usage. Loaded Objects now: 2414.
Total: 2.051100 ms (FindLiveObjects: 0.185300 ms CreateObjectMapping: 0.061700 ms MarkObjects: 1.690900 ms  DeleteObjects: 0.112500 ms)

========================================================================
Received Prepare
Registering precompiled user dll's ...
Registered in 0.001180 seconds.
Begin MonoManager ReloadAssembly
Native extension for WindowsStandalone target not found
Refreshing native plugins compatible for Editor in 0.44 ms, found 1 plugins.
Preloading 0 native plugins for Editor in 0.00 ms.
Invoked RoslynAnalysisRunner static constructor.
RoslynAnalysisRunner will not be running.
RoslynAnalysisRunner has terminated.
Mono: successfully reloaded assembly
- Completed reload, in  0.911 seconds
Platform modules already initialized, skipping
Refreshing native plugins compatible for Editor in 0.72 ms, found 1 plugins.
Preloading 0 native plugins for Editor in 0.00 ms.
Unloading 1814 Unused Serialized files (Serialized files now loaded: 0)
System memory in use before: 92.2 MB.
System memory in use after: 92.2 MB.

Unloading 12 unused Assets to reduce memory usage. Loaded Objects now: 2418.
Total: 2.342200 ms (FindLiveObjects: 0.260700 ms CreateObjectMapping: 0.095600 ms MarkObjects: 1.871800 ms  DeleteObjects: 0.112900 ms)

========================================================================
Received Prepare
Registering precompiled user dll's ...
Registered in 0.001131 seconds.
Begin MonoManager ReloadAssembly
Native extension for WindowsStandalone target not found
Refreshing native plugins compatible for Editor in 0.41 ms, found 1 plugins.
Preloading 0 native plugins for Editor in 0.00 ms.
Invoked RoslynAnalysisRunner static constructor.
RoslynAnalysisRunner will not be running.
RoslynAnalysisRunner has terminated.
Mono: successfully reloaded assembly
- Completed reload, in  0.913 seconds
Platform modules already initialized, skipping
Refreshing native plugins compatible for Editor in 0.40 ms, found 1 plugins.
Preloading 0 native plugins for Editor in 0.00 ms.
Unloading 1814 Unused Serialized files (Serialized files now loaded: 0)
System memory in use before: 92.2 MB.
System memory in use after: 92.2 MB.

Unloading 12 unused Assets to reduce memory usage. Loaded Objects now: 2422.
Total: 2.318600 ms (FindLiveObjects: 0.225700 ms CreateObjectMapping: 0.081200 ms MarkObjects: 1.894800 ms  DeleteObjects: 0.114900 ms)

========================================================================
Received Prepare
Registering precompiled user dll's ...
Registered in 0.001359 seconds.
Begin MonoManager ReloadAssembly
Native extension for WindowsStandalone target not found
Refreshing native plugins compatible for Editor in 0.40 ms, found 1 plugins.
Preloading 0 native plugins for Editor in 0.00 ms.
Invoked RoslynAnalysisRunner static constructor.
RoslynAnalysisRunner will not be running.
RoslynAnalysisRunner has terminated.
Mono: successfully reloaded assembly
- Completed reload, in  0.817 seconds
Platform modules already initialized, skipping
Refreshing native plugins compatible for Editor in 0.48 ms, found 1 plugins.
Preloading 0 native plugins for Editor in 0.00 ms.
Unloading 1814 Unused Serialized files (Serialized files now loaded: 0)
System memory in use before: 92.2 MB.
System memory in use after: 92.2 MB.

Unloading 12 unused Assets to reduce memory usage. Loaded Objects now: 2426.
Total: 1.934900 ms (FindLiveObjects: 0.212700 ms CreateObjectMapping: 0.076100 ms MarkObjects: 1.535600 ms  DeleteObjects: 0.109500 ms)

========================================================================
Received Prepare
Registering precompiled user dll's ...
Registered in 0.001728 seconds.
Begin MonoManager ReloadAssembly
Native extension for WindowsStandalone target not found
Refreshing native plugins compatible for Editor in 0.40 ms, found 1 plugins.
Preloading 0 native plugins for Editor in 0.00 ms.
Invoked RoslynAnalysisRunner static constructor.
RoslynAnalysisRunner will not be running.
RoslynAnalysisRunner has terminated.
Mono: successfully reloaded assembly
- Completed reload, in  0.879 seconds
Platform modules already initialized, skipping
Refreshing native plugins compatible for Editor in 0.42 ms, found 1 plugins.
Preloading 0 native plugins for Editor in 0.00 ms.
Unloading 1814 Unused Serialized files (Serialized files now loaded: 0)
System memory in use before: 92.2 MB.
System memory in use after: 92.2 MB.

Unloading 12 unused Assets to reduce memory usage. Loaded Objects now: 2430.
Total: 2.017200 ms (FindLiveObjects: 0.240700 ms CreateObjectMapping: 0.071300 ms MarkObjects: 1.592100 ms  DeleteObjects: 0.112000 ms)

========================================================================
Received Prepare
Registering precompiled user dll's ...
Registered in 0.001440 seconds.
Begin MonoManager ReloadAssembly
Native extension for WindowsStandalone target not found
Refreshing native plugins compatible for Editor in 0.55 ms, found 1 plugins.
Preloading 0 native plugins for Editor in 0.00 ms.
Invoked RoslynAnalysisRunner static constructor.
RoslynAnalysisRunner will not be running.
RoslynAnalysisRunner has terminated.
Mono: successfully reloaded assembly
- Completed reload, in  0.869 seconds
Platform modules already initialized, skipping
Refreshing native plugins compatible for Editor in 0.45 ms, found 1 plugins.
Preloading 0 native plugins for Editor in 0.00 ms.
Unloading 1814 Unused Serialized files (Serialized files now loaded: 0)
System memory in use before: 92.2 MB.
System memory in use after: 92.2 MB.

Unloading 12 unused Assets to reduce memory usage. Loaded Objects now: 2434.
Total: 2.102600 ms (FindLiveObjects: 0.247500 ms CreateObjectMapping: 0.089500 ms MarkObjects: 1.644300 ms  DeleteObjects: 0.119900 ms)

========================================================================
Received Prepare
Registering precompiled user dll's ...
Registered in 0.001163 seconds.
Begin MonoManager ReloadAssembly
Native extension for WindowsStandalone target not found
Refreshing native plugins compatible for Editor in 0.50 ms, found 1 plugins.
Preloading 0 native plugins for Editor in 0.00 ms.
Invoked RoslynAnalysisRunner static constructor.
RoslynAnalysisRunner will not be running.
RoslynAnalysisRunner has terminated.
Mono: successfully reloaded assembly
- Completed reload, in  0.842 seconds
Platform modules already initialized, skipping
Refreshing native plugins compatible for Editor in 0.44 ms, found 1 plugins.
Preloading 0 native plugins for Editor in 0.00 ms.
Unloading 1814 Unused Serialized files (Serialized files now loaded: 0)
System memory in use before: 92.2 MB.
System memory in use after: 92.2 MB.

Unloading 12 unused Assets to reduce memory usage. Loaded Objects now: 2438.
Total: 2.011000 ms (FindLiveObjects: 0.215400 ms CreateObjectMapping: 0.067500 ms MarkObjects: 1.613600 ms  DeleteObjects: 0.113100 ms)

========================================================================
Received Prepare
Registering precompiled user dll's ...
Registered in 0.001239 seconds.
Begin MonoManager ReloadAssembly
Native extension for WindowsStandalone target not found
Refreshing native plugins compatible for Editor in 0.40 ms, found 1 plugins.
Preloading 0 native plugins for Editor in 0.00 ms.
Invoked RoslynAnalysisRunner static constructor.
RoslynAnalysisRunner will not be running.
RoslynAnalysisRunner has terminated.
Mono: successfully reloaded assembly
- Completed reload, in  0.884 seconds
Platform modules already initialized, skipping
Refreshing native plugins compatible for Editor in 0.40 ms, found 1 plugins.
Preloading 0 native plugins for Editor in 0.00 ms.
Unloading 1814 Unused Serialized files (Serialized files now loaded: 0)
System memory in use before: 92.2 MB.
System memory in use after: 92.2 MB.

Unloading 12 unused Assets to reduce memory usage. Loaded Objects now: 2442.
Total: 2.101100 ms (FindLiveObjects: 0.212600 ms CreateObjectMapping: 0.076900 ms MarkObjects: 1.696800 ms  DeleteObjects: 0.113700 ms)

========================================================================
Received Prepare
Registering precompiled user dll's ...
Registered in 0.001333 seconds.
Begin MonoManager ReloadAssembly
Native extension for WindowsStandalone target not found
Refreshing native plugins compatible for Editor in 0.47 ms, found 1 plugins.
Preloading 0 native plugins for Editor in 0.00 ms.
Invoked RoslynAnalysisRunner static constructor.
RoslynAnalysisRunner will not be running.
RoslynAnalysisRunner has terminated.
Mono: successfully reloaded assembly
- Completed reload, in  0.953 seconds
Platform modules already initialized, skipping
Refreshing native plugins compatible for Editor in 0.40 ms, found 1 plugins.
Preloading 0 native plugins for Editor in 0.00 ms.
Unloading 1814 Unused Serialized files (Serialized files now loaded: 0)
System memory in use before: 92.2 MB.
System memory in use after: 92.2 MB.

Unloading 12 unused Assets to reduce memory usage. Loaded Objects now: 2446.
Total: 3.043000 ms (FindLiveObjects: 0.221200 ms CreateObjectMapping: 0.079400 ms MarkObjects: 2.597000 ms  DeleteObjects: 0.143900 ms)

========================================================================
Received Prepare
Registering precompiled user dll's ...
Registered in 0.001241 seconds.
Begin MonoManager ReloadAssembly
Native extension for WindowsStandalone target not found
Refreshing native plugins compatible for Editor in 0.40 ms, found 1 plugins.
Preloading 0 native plugins for Editor in 0.00 ms.
Invoked RoslynAnalysisRunner static constructor.
RoslynAnalysisRunner will not be running.
RoslynAnalysisRunner has terminated.
Mono: successfully reloaded assembly
- Completed reload, in  0.899 seconds
Platform modules already initialized, skipping
Refreshing native plugins compatible for Editor in 0.68 ms, found 1 plugins.
Preloading 0 native plugins for Editor in 0.00 ms.
Unloading 1814 Unused Serialized files (Serialized files now loaded: 0)
System memory in use before: 92.3 MB.
System memory in use after: 92.3 MB.

Unloading 12 unused Assets to reduce memory usage. Loaded Objects now: 2450.
Total: 1.949400 ms (FindLiveObjects: 0.221900 ms CreateObjectMapping: 0.078900 ms MarkObjects: 1.532700 ms  DeleteObjects: 0.114800 ms)

========================================================================
Received Prepare
Registering precompiled user dll's ...
Registered in 0.001134 seconds.
Begin MonoManager ReloadAssembly
Native extension for WindowsStandalone target not found
Refreshing native plugins compatible for Editor in 0.40 ms, found 1 plugins.
Preloading 0 native plugins for Editor in 0.00 ms.
Invoked RoslynAnalysisRunner static constructor.
RoslynAnalysisRunner will not be running.
RoslynAnalysisRunner has terminated.
Mono: successfully reloaded assembly
- Completed reload, in  0.851 seconds
Platform modules already initialized, skipping
Refreshing native plugins compatible for Editor in 0.41 ms, found 1 plugins.
Preloading 0 native plugins for Editor in 0.00 ms.
Unloading 1814 Unused Serialized files (Serialized files now loaded: 0)
System memory in use before: 92.3 MB.
System memory in use after: 92.3 MB.

Unloading 12 unused Assets to reduce memory usage. Loaded Objects now: 2454.
Total: 2.104600 ms (FindLiveObjects: 0.225000 ms CreateObjectMapping: 0.076400 ms MarkObjects: 1.671800 ms  DeleteObjects: 0.129900 ms)

========================================================================
Received Prepare
Registering precompiled user dll's ...
Registered in 0.001291 seconds.
Begin MonoManager ReloadAssembly
Native extension for WindowsStandalone target not found
Refreshing native plugins compatible for Editor in 0.48 ms, found 1 plugins.
Preloading 0 native plugins for Editor in 0.00 ms.
Invoked RoslynAnalysisRunner static constructor.
RoslynAnalysisRunner will not be running.
RoslynAnalysisRunner has terminated.
Mono: successfully reloaded assembly
- Completed reload, in  0.870 seconds
Platform modules already initialized, skipping
Refreshing native plugins compatible for Editor in 0.77 ms, found 1 plugins.
Preloading 0 native plugins for Editor in 0.00 ms.
Unloading 1814 Unused Serialized files (Serialized files now loaded: 0)
System memory in use before: 92.3 MB.
System memory in use after: 92.3 MB.

Unloading 12 unused Assets to reduce memory usage. Loaded Objects now: 2458.
Total: 2.202400 ms (FindLiveObjects: 0.240900 ms CreateObjectMapping: 0.078200 ms MarkObjects: 1.768300 ms  DeleteObjects: 0.113600 ms)

========================================================================
Received Prepare
Registering precompiled user dll's ...
Registered in 0.001159 seconds.
Begin MonoManager ReloadAssembly
Native extension for WindowsStandalone target not found
Refreshing native plugins compatible for Editor in 0.42 ms, found 1 plugins.
Preloading 0 native plugins for Editor in 0.00 ms.
Invoked RoslynAnalysisRunner static constructor.
RoslynAnalysisRunner will not be running.
RoslynAnalysisRunner has terminated.
Mono: successfully reloaded assembly
- Completed reload, in  0.862 seconds
Platform modules already initialized, skipping
Refreshing native plugins compatible for Editor in 0.40 ms, found 1 plugins.
Preloading 0 native plugins for Editor in 0.00 ms.
Unloading 1814 Unused Serialized files (Serialized files now loaded: 0)
System memory in use before: 92.3 MB.
System memory in use after: 92.3 MB.

Unloading 12 unused Assets to reduce memory usage. Loaded Objects now: 2462.
Total: 1.920600 ms (FindLiveObjects: 0.199100 ms CreateObjectMapping: 0.064500 ms MarkObjects: 1.541700 ms  DeleteObjects: 0.114300 ms)

========================================================================
Received Prepare
Registering precompiled user dll's ...
Registered in 0.001136 seconds.
Begin MonoManager ReloadAssembly
Native extension for WindowsStandalone target not found
Refreshing native plugins compatible for Editor in 0.42 ms, found 1 plugins.
Preloading 0 native plugins for Editor in 0.00 ms.
Invoked RoslynAnalysisRunner static constructor.
RoslynAnalysisRunner will not be running.
RoslynAnalysisRunner has terminated.
Mono: successfully reloaded assembly
- Completed reload, in  0.862 seconds
Platform modules already initialized, skipping
Refreshing native plugins compatible for Editor in 0.40 ms, found 1 plugins.
Preloading 0 native plugins for Editor in 0.00 ms.
Unloading 1814 Unused Serialized files (Serialized files now loaded: 0)
System memory in use before: 92.3 MB.
System memory in use after: 92.3 MB.

Unloading 12 unused Assets to reduce memory usage. Loaded Objects now: 2466.
Total: 2.324400 ms (FindLiveObjects: 0.237600 ms CreateObjectMapping: 0.079700 ms MarkObjects: 1.879700 ms  DeleteObjects: 0.125500 ms)

========================================================================
Received Prepare
Registering precompiled user dll's ...
Registered in 0.001198 seconds.
Begin MonoManager ReloadAssembly
Native extension for WindowsStandalone target not found
Refreshing native plugins compatible for Editor in 0.42 ms, found 1 plugins.
Preloading 0 native plugins for Editor in 0.00 ms.
Invoked RoslynAnalysisRunner static constructor.
RoslynAnalysisRunner will not be running.
RoslynAnalysisRunner has terminated.
Mono: successfully reloaded assembly
- Completed reload, in  1.076 seconds
Platform modules already initialized, skipping
Refreshing native plugins compatible for Editor in 0.43 ms, found 1 plugins.
Preloading 0 native plugins for Editor in 0.00 ms.
Unloading 1814 Unused Serialized files (Serialized files now loaded: 0)
System memory in use before: 92.3 MB.
System memory in use after: 92.3 MB.

Unloading 12 unused Assets to reduce memory usage. Loaded Objects now: 2470.
Total: 1.956500 ms (FindLiveObjects: 0.212400 ms CreateObjectMapping: 0.070600 ms MarkObjects: 1.562300 ms  DeleteObjects: 0.110200 ms)

========================================================================
Received Prepare
Registering precompiled user dll's ...
Registered in 0.001243 seconds.
Begin MonoManager ReloadAssembly
Native extension for WindowsStandalone target not found
Refreshing native plugins compatible for Editor in 0.41 ms, found 1 plugins.
Preloading 0 native plugins for Editor in 0.00 ms.
Invoked RoslynAnalysisRunner static constructor.
RoslynAnalysisRunner will not be running.
RoslynAnalysisRunner has terminated.
Mono: successfully reloaded assembly
- Completed reload, in  0.888 seconds
Platform modules already initialized, skipping
Refreshing native plugins compatible for Editor in 0.46 ms, found 1 plugins.
Preloading 0 native plugins for Editor in 0.00 ms.
Unloading 1814 Unused Serialized files (Serialized files now loaded: 0)
System memory in use before: 92.3 MB.
System memory in use after: 92.3 MB.

Unloading 12 unused Assets to reduce memory usage. Loaded Objects now: 2474.
Total: 2.244200 ms (FindLiveObjects: 0.246300 ms CreateObjectMapping: 0.080900 ms MarkObjects: 1.792200 ms  DeleteObjects: 0.123800 ms)

========================================================================
Received Prepare
Registering precompiled user dll's ...
Registered in 0.001299 seconds.
Begin MonoManager ReloadAssembly
Native extension for WindowsStandalone target not found
Refreshing native plugins compatible for Editor in 0.40 ms, found 1 plugins.
Preloading 0 native plugins for Editor in 0.00 ms.
Invoked RoslynAnalysisRunner static constructor.
RoslynAnalysisRunner will not be running.
RoslynAnalysisRunner has terminated.
Mono: successfully reloaded assembly
- Completed reload, in  0.943 seconds
Platform modules already initialized, skipping
Refreshing native plugins compatible for Editor in 0.55 ms, found 1 plugins.
Preloading 0 native plugins for Editor in 0.00 ms.
Unloading 1814 Unused Serialized files (Serialized files now loaded: 0)
System memory in use before: 92.3 MB.
System memory in use after: 92.3 MB.

Unloading 12 unused Assets to reduce memory usage. Loaded Objects now: 2478.
Total: 2.605600 ms (FindLiveObjects: 0.239700 ms CreateObjectMapping: 0.103700 ms MarkObjects: 2.135600 ms  DeleteObjects: 0.125300 ms)

========================================================================
Received Prepare
Registering precompiled user dll's ...
Registered in 0.001103 seconds.
Begin MonoManager ReloadAssembly
Native extension for WindowsStandalone target not found
Refreshing native plugins compatible for Editor in 0.43 ms, found 1 plugins.
Preloading 0 native plugins for Editor in 0.00 ms.
Invoked RoslynAnalysisRunner static constructor.
RoslynAnalysisRunner will not be running.
RoslynAnalysisRunner has terminated.
Mono: successfully reloaded assembly
- Completed reload, in  0.881 seconds
Platform modules already initialized, skipping
Refreshing native plugins compatible for Editor in 0.58 ms, found 1 plugins.
Preloading 0 native plugins for Editor in 0.00 ms.
Unloading 1814 Unused Serialized files (Serialized files now loaded: 0)
System memory in use before: 92.3 MB.
System memory in use after: 92.3 MB.

Unloading 12 unused Assets to reduce memory usage. Loaded Objects now: 2482.
Total: 2.244000 ms (FindLiveObjects: 0.252400 ms CreateObjectMapping: 0.090900 ms MarkObjects: 1.777100 ms  DeleteObjects: 0.122300 ms)

========================================================================
Received Prepare
Registering precompiled user dll's ...
Registered in 0.001350 seconds.
Begin MonoManager ReloadAssembly
Native extension for WindowsStandalone target not found
Refreshing native plugins compatible for Editor in 0.45 ms, found 1 plugins.
Preloading 0 native plugins for Editor in 0.00 ms.
Invoked RoslynAnalysisRunner static constructor.
RoslynAnalysisRunner will not be running.
RoslynAnalysisRunner has terminated.
Mono: successfully reloaded assembly
- Completed reload, in  0.890 seconds
Platform modules already initialized, skipping
Refreshing native plugins compatible for Editor in 0.40 ms, found 1 plugins.
Preloading 0 native plugins for Editor in 0.00 ms.
Unloading 1814 Unused Serialized files (Serialized files now loaded: 0)
System memory in use before: 92.3 MB.
System memory in use after: 92.3 MB.

Unloading 12 unused Assets to reduce memory usage. Loaded Objects now: 2486.
Total: 1.965600 ms (FindLiveObjects: 0.209100 ms CreateObjectMapping: 0.067000 ms MarkObjects: 1.579700 ms  DeleteObjects: 0.109000 ms)

========================================================================
Received Prepare
Registering precompiled user dll's ...
Registered in 0.001217 seconds.
Begin MonoManager ReloadAssembly
Native extension for WindowsStandalone target not found
Refreshing native plugins compatible for Editor in 0.65 ms, found 1 plugins.
Preloading 0 native plugins for Editor in 0.00 ms.
Invoked RoslynAnalysisRunner static constructor.
RoslynAnalysisRunner will not be running.
RoslynAnalysisRunner has terminated.
Mono: successfully reloaded assembly
- Completed reload, in  0.882 seconds
Platform modules already initialized, skipping
Refreshing native plugins compatible for Editor in 0.42 ms, found 1 plugins.
Preloading 0 native plugins for Editor in 0.00 ms.
Unloading 1814 Unused Serialized files (Serialized files now loaded: 0)
System memory in use before: 92.3 MB.
System memory in use after: 92.3 MB.

Unloading 12 unused Assets to reduce memory usage. Loaded Objects now: 2490.
Total: 2.615500 ms (FindLiveObjects: 0.354800 ms CreateObjectMapping: 0.110300 ms MarkObjects: 2.032100 ms  DeleteObjects: 0.116600 ms)

========================================================================
Received Prepare
Registering precompiled user dll's ...
Registered in 0.001101 seconds.
Begin MonoManager ReloadAssembly
Native extension for WindowsStandalone target not found
Refreshing native plugins compatible for Editor in 0.40 ms, found 1 plugins.
Preloading 0 native plugins for Editor in 0.00 ms.
Invoked RoslynAnalysisRunner static constructor.
RoslynAnalysisRunner will not be running.
RoslynAnalysisRunner has terminated.
Mono: successfully reloaded assembly
- Completed reload, in  0.880 seconds
Platform modules already initialized, skipping
Refreshing native plugins compatible for Editor in 0.41 ms, found 1 plugins.
Preloading 0 native plugins for Editor in 0.00 ms.
Unloading 1814 Unused Serialized files (Serialized files now loaded: 0)
System memory in use before: 92.4 MB.
System memory in use after: 92.4 MB.

Unloading 12 unused Assets to reduce memory usage. Loaded Objects now: 2494.
Total: 2.906300 ms (FindLiveObjects: 0.208900 ms CreateObjectMapping: 0.069800 ms MarkObjects: 2.470400 ms  DeleteObjects: 0.155800 ms)

========================================================================
Received Prepare
Registering precompiled user dll's ...
Registered in 0.001220 seconds.
Begin MonoManager ReloadAssembly
Native extension for WindowsStandalone target not found
Refreshing native plugins compatible for Editor in 0.42 ms, found 1 plugins.
Preloading 0 native plugins for Editor in 0.00 ms.
Invoked RoslynAnalysisRunner static constructor.
RoslynAnalysisRunner will not be running.
RoslynAnalysisRunner has terminated.
Mono: successfully reloaded assembly
- Completed reload, in  0.916 seconds
Platform modules already initialized, skipping
Refreshing native plugins compatible for Editor in 0.40 ms, found 1 plugins.
Preloading 0 native plugins for Editor in 0.00 ms.
Unloading 1814 Unused Serialized files (Serialized files now loaded: 0)
System memory in use before: 92.4 MB.
System memory in use after: 92.4 MB.

Unloading 12 unused Assets to reduce memory usage. Loaded Objects now: 2498.
Total: 2.145700 ms (FindLiveObjects: 0.212600 ms CreateObjectMapping: 0.071800 ms MarkObjects: 1.747500 ms  DeleteObjects: 0.112800 ms)

========================================================================
Received Prepare
Registering precompiled user dll's ...
Registered in 0.001289 seconds.
Begin MonoManager ReloadAssembly
Native extension for WindowsStandalone target not found
Refreshing native plugins compatible for Editor in 0.40 ms, found 1 plugins.
Preloading 0 native plugins for Editor in 0.00 ms.
Invoked RoslynAnalysisRunner static constructor.
RoslynAnalysisRunner will not be running.
RoslynAnalysisRunner has terminated.
Mono: successfully reloaded assembly
- Completed reload, in  0.991 seconds
Platform modules already initialized, skipping
Refreshing native plugins compatible for Editor in 0.41 ms, found 1 plugins.
Preloading 0 native plugins for Editor in 0.00 ms.
Unloading 1814 Unused Serialized files (Serialized files now loaded: 0)
System memory in use before: 92.4 MB.
System memory in use after: 92.4 MB.

Unloading 12 unused Assets to reduce memory usage. Loaded Objects now: 2502.
Total: 2.694100 ms (FindLiveObjects: 0.250900 ms CreateObjectMapping: 0.082900 ms MarkObjects: 2.226300 ms  DeleteObjects: 0.132500 ms)

========================================================================
Received Prepare
Registering precompiled user dll's ...
Registered in 0.001153 seconds.
Begin MonoManager ReloadAssembly
Native extension for WindowsStandalone target not found
Refreshing native plugins compatible for Editor in 0.40 ms, found 1 plugins.
Preloading 0 native plugins for Editor in 0.00 ms.
Invoked RoslynAnalysisRunner static constructor.
RoslynAnalysisRunner will not be running.
RoslynAnalysisRunner has terminated.
Mono: successfully reloaded assembly
- Completed reload, in  0.919 seconds
Platform modules already initialized, skipping
Refreshing native plugins compatible for Editor in 0.40 ms, found 1 plugins.
Preloading 0 native plugins for Editor in 0.00 ms.
Unloading 1814 Unused Serialized files (Serialized files now loaded: 0)
System memory in use before: 92.4 MB.
System memory in use after: 92.4 MB.

Unloading 12 unused Assets to reduce memory usage. Loaded Objects now: 2506.
Total: 2.227400 ms (FindLiveObjects: 0.230800 ms CreateObjectMapping: 0.076700 ms MarkObjects: 1.802100 ms  DeleteObjects: 0.116400 ms)

========================================================================
Received Prepare
Registering precompiled user dll's ...
Registered in 0.001348 seconds.
Begin MonoManager ReloadAssembly
Native extension for WindowsStandalone target not found
Refreshing native plugins compatible for Editor in 0.40 ms, found 1 plugins.
Preloading 0 native plugins for Editor in 0.00 ms.
Invoked RoslynAnalysisRunner static constructor.
RoslynAnalysisRunner will not be running.
RoslynAnalysisRunner has terminated.
Mono: successfully reloaded assembly
- Completed reload, in  1.164 seconds
Platform modules already initialized, skipping
Refreshing native plugins compatible for Editor in 0.45 ms, found 1 plugins.
Preloading 0 native plugins for Editor in 0.00 ms.
Unloading 1814 Unused Serialized files (Serialized files now loaded: 0)
System memory in use before: 92.4 MB.
System memory in use after: 92.4 MB.

Unloading 12 unused Assets to reduce memory usage. Loaded Objects now: 2510.
Total: 2.437200 ms (FindLiveObjects: 0.291300 ms CreateObjectMapping: 0.094500 ms MarkObjects: 1.915300 ms  DeleteObjects: 0.134200 ms)

========================================================================
Received Prepare
Registering precompiled user dll's ...
Registered in 0.001160 seconds.
Begin MonoManager ReloadAssembly
Native extension for WindowsStandalone target not found
Refreshing native plugins compatible for Editor in 0.41 ms, found 1 plugins.
Preloading 0 native plugins for Editor in 0.00 ms.
Invoked RoslynAnalysisRunner static constructor.
RoslynAnalysisRunner will not be running.
RoslynAnalysisRunner has terminated.
Mono: successfully reloaded assembly
- Completed reload, in  0.897 seconds
Platform modules already initialized, skipping
Refreshing native plugins compatible for Editor in 0.40 ms, found 1 plugins.
Preloading 0 native plugins for Editor in 0.00 ms.
Unloading 1814 Unused Serialized files (Serialized files now loaded: 0)
System memory in use before: 92.4 MB.
System memory in use after: 92.4 MB.

Unloading 12 unused Assets to reduce memory usage. Loaded Objects now: 2514.
Total: 2.541100 ms (FindLiveObjects: 0.341400 ms CreateObjectMapping: 0.096300 ms MarkObjects: 1.984500 ms  DeleteObjects: 0.117500 ms)

========================================================================
Received Prepare
Registering precompiled user dll's ...
Registered in 0.001358 seconds.
Begin MonoManager ReloadAssembly
Native extension for WindowsStandalone target not found
Refreshing native plugins compatible for Editor in 0.48 ms, found 1 plugins.
Preloading 0 native plugins for Editor in 0.00 ms.
Invoked RoslynAnalysisRunner static constructor.
RoslynAnalysisRunner will not be running.
RoslynAnalysisRunner has terminated.
Mono: successfully reloaded assembly
- Completed reload, in  0.916 seconds
Platform modules already initialized, skipping
Refreshing native plugins compatible for Editor in 0.64 ms, found 1 plugins.
Preloading 0 native plugins for Editor in 0.00 ms.
Unloading 1814 Unused Serialized files (Serialized files now loaded: 0)
System memory in use before: 92.4 MB.
System memory in use after: 92.4 MB.

Unloading 12 unused Assets to reduce memory usage. Loaded Objects now: 2518.
Total: 14.223000 ms (FindLiveObjects: 0.254100 ms CreateObjectMapping: 0.088600 ms MarkObjects: 6.444600 ms  DeleteObjects: 0.139200 ms)

========================================================================
Received Prepare
Registering precompiled user dll's ...
Registered in 0.001198 seconds.
Begin MonoManager ReloadAssembly
Native extension for WindowsStandalone target not found
Refreshing native plugins compatible for Editor in 0.58 ms, found 1 plugins.
Preloading 0 native plugins for Editor in 0.00 ms.
Invoked RoslynAnalysisRunner static constructor.
RoslynAnalysisRunner will not be running.
RoslynAnalysisRunner has terminated.
Mono: successfully reloaded assembly
- Completed reload, in  0.855 seconds
Platform modules already initialized, skipping
Refreshing native plugins compatible for Editor in 0.40 ms, found 1 plugins.
Preloading 0 native plugins for Editor in 0.00 ms.
Unloading 1814 Unused Serialized files (Serialized files now loaded: 0)
System memory in use before: 92.4 MB.
System memory in use after: 92.4 MB.

Unloading 12 unused Assets to reduce memory usage. Loaded Objects now: 2522.
Total: 2.833700 ms (FindLiveObjects: 0.523900 ms CreateObjectMapping: 0.162400 ms MarkObjects: 2.000000 ms  DeleteObjects: 0.145000 ms)

========================================================================
Received Prepare
Registering precompiled user dll's ...
Registered in 0.001124 seconds.
Begin MonoManager ReloadAssembly
Native extension for WindowsStandalone target not found
Refreshing native plugins compatible for Editor in 0.42 ms, found 1 plugins.
Preloading 0 native plugins for Editor in 0.00 ms.
Invoked RoslynAnalysisRunner static constructor.
RoslynAnalysisRunner will not be running.
RoslynAnalysisRunner has terminated.
Mono: successfully reloaded assembly
- Completed reload, in  0.973 seconds
Platform modules already initialized, skipping
Refreshing native plugins compatible for Editor in 0.40 ms, found 1 plugins.
Preloading 0 native plugins for Editor in 0.00 ms.
Unloading 1814 Unused Serialized files (Serialized files now loaded: 0)
System memory in use before: 92.4 MB.
System memory in use after: 92.4 MB.

Unloading 12 unused Assets to reduce memory usage. Loaded Objects now: 2526.
Total: 4.155100 ms (FindLiveObjects: 0.480300 ms CreateObjectMapping: 0.142800 ms MarkObjects: 3.193500 ms  DeleteObjects: 0.335300 ms)

========================================================================
Received Prepare
Registering precompiled user dll's ...
Registered in 0.001145 seconds.
Begin MonoManager ReloadAssembly
Native extension for WindowsStandalone target not found
Refreshing native plugins compatible for Editor in 0.50 ms, found 1 plugins.
Preloading 0 native plugins for Editor in 0.00 ms.
Invoked RoslynAnalysisRunner static constructor.
RoslynAnalysisRunner will not be running.
RoslynAnalysisRunner has terminated.
Mono: successfully reloaded assembly
- Completed reload, in  0.864 seconds
Platform modules already initialized, skipping
Refreshing native plugins compatible for Editor in 0.39 ms, found 1 plugins.
Preloading 0 native plugins for Editor in 0.00 ms.
Unloading 1814 Unused Serialized files (Serialized files now loaded: 0)
System memory in use before: 92.4 MB.
System memory in use after: 92.4 MB.

Unloading 12 unused Assets to reduce memory usage. Loaded Objects now: 2530.
Total: 2.088100 ms (FindLiveObjects: 0.227500 ms CreateObjectMapping: 0.072900 ms MarkObjects: 1.672700 ms  DeleteObjects: 0.113500 ms)

AssetImportWorkerClient::OnTransportError - code=2 error=End of file
